<?xml version="1.0" encoding="UTF-8"?>
<testsuite name="com.tests.HomePageTests" tests="1" skipped="0" failures="0" errors="0" timestamp="2023-06-29T08:41:13" hostname="VAIO" time="0.04">
  <properties/>
  <testcase name="openHomePageTest" classname="com.tests.HomePageTests" time="0.04"/>
  <system-out><![CDATA[10:41:13.751 [Test worker] INFO  com.tests.TestBase -- Start testopenHomePageTest with data: []
10:41:13.799 [Test worker] INFO  com.tests.TestBase -- PASSED:openHomePageTest
10:41:13.801 [Test worker] INFO  com.tests.TestBase -- Stop test
10:41:13.802 [Test worker] INFO  com.tests.TestBase -- =======================
]]></system-out>
  <system-err><![CDATA[]]></system-err>
</testsuite>
