<?xml version="1.0" encoding="UTF-8"?>
<testsuite name="com.tests.LoginTests" tests="1" skipped="0" failures="0" errors="0" timestamp="2023-06-29T08:41:14" hostname="VAIO" time="1.881">
  <properties/>
  <testcase name="loginPositiveTest" classname="com.tests.LoginTests" time="1.881"/>
  <system-out><![CDATA[10:41:14.025 [Test worker] INFO  com.tests.TestBase -- Start testloginPositiveTest with data: []
10:41:16.148 [Test worker] INFO  com.tests.TestBase -- PASSED:loginPositiveTest
10:41:16.148 [Test worker] INFO  com.tests.TestBase -- Stop test
10:41:16.148 [Test worker] INFO  com.tests.TestBase -- =======================
]]></system-out>
  <system-err><![CDATA[]]></system-err>
</testsuite>
