<?xml version="1.0" encoding="UTF-8"?>
<testsuite name="tests.LoginTests" tests="2" skipped="0" failures="0" errors="0" timestamp="2023-06-22T14:53:05" hostname="VAIO" time="3.073">
  <properties/>
  <testcase name="loginNegativeWithoutPasswordTest" classname="tests.LoginTests" time="1.085"/>
  <testcase name="loginPositiveTest" classname="tests.LoginTests" time="1.773"/>
  <system-out><![CDATA[]]></system-out>
  <system-err><![CDATA[]]></system-err>
</testsuite>
