<?xml version="1.0" encoding="UTF-8"?>
<testsuite name="tests.CreateAccountTests" tests="1" skipped="0" failures="0" errors="0" timestamp="2023-06-22T14:52:35" hostname="VAIO" time="3.547">
  <properties/>
  <testcase name="existedUserRegistrationNegativeTest" classname="tests.CreateAccountTests" time="3.547"/>
  <system-out><![CDATA[]]></system-out>
  <system-err><![CDATA[]]></system-err>
</testsuite>
