<?xml version="1.0" encoding="UTF-8"?>
<testsuite name="tests.HeaderTests" tests="4" skipped="0" failures="0" errors="0" timestamp="2023-06-22T14:52:54" hostname="VAIO" time="0.14">
  <properties/>
  <testcase name="verifyIsAboutLinkPresent" classname="tests.HeaderTests" time="0.037"/>
  <testcase name="verifyIsHomeLinkPresent" classname="tests.HeaderTests" time="0.02"/>
  <testcase name="verifyIsLoginLinkPresent" classname="tests.HeaderTests" time="0.016"/>
  <testcase name="verifyIsLogoPresent" classname="tests.HeaderTests" time="0.018"/>
  <system-out><![CDATA[]]></system-out>
  <system-err><![CDATA[]]></system-err>
</testsuite>
